2022-10-05 17:41:34 Loading main app package /home/eisezimmerman/downloads/apps/Obsidian/squashfs-root/resources/obsidian.asar
2022-10-05 17:41:34 Checking for update using Github
2022-10-05 17:41:35 Success.
2022-10-05 17:41:35 Latest version is 0.15.9
2022-10-05 17:41:35 App is up to date.
2022-10-05 17:42:36 Loading main app package /home/eisezimmerman/downloads/apps/Obsidian/squashfs-root/resources/obsidian.asar
2022-10-05 17:42:36 Checking for update using Github
2022-10-05 17:42:36 Success.
2022-10-05 17:42:36 Latest version is 0.15.9
2022-10-05 17:42:36 App is up to date.
2022-10-05 17:44:47 Loading main app package /home/eisezimmerman/downloads/apps/Obsidian/squashfs-root/resources/obsidian.asar
2022-10-05 17:44:47 Checking for update using Github
2022-10-05 17:44:47 Success.
2022-10-05 17:44:47 Latest version is 0.15.9
2022-10-05 17:44:47 App is up to date.
2022-10-05 17:44:55 Loading main app package /home/eisezimmerman/downloads/apps/Obsidian/squashfs-root/resources/obsidian.asar
2022-10-05 17:44:55 Checking for update using Github
2022-10-05 17:44:55 Success.
2022-10-05 17:44:55 Latest version is 0.15.9
2022-10-05 17:44:55 App is up to date.
2022-10-05 18:44:55 Checking for update using Github
2022-10-05 18:44:55 Success.
2022-10-05 18:44:55 Latest version is 0.15.9
2022-10-05 18:44:55 App is up to date.
2022-10-05 19:44:55 Checking for update using Github
2022-10-05 19:44:55 Success.
2022-10-05 19:44:55 Latest version is 0.15.9
2022-10-05 19:44:55 App is up to date.
2022-10-06 13:36:47 Loading main app package /home/eisezimmerman/downloads/apps/Obsidian/squashfs-root/resources/obsidian.asar
2022-10-06 13:36:47 Checking for update using Github
2022-10-06 13:36:47 Success.
2022-10-06 13:36:47 Latest version is 0.15.9
2022-10-06 13:36:47 App is up to date.
2022-10-06 14:36:47 Checking for update using Github
2022-10-06 14:36:47 Success.
2022-10-06 14:36:47 Latest version is 0.15.9
2022-10-06 14:36:47 App is up to date.
2022-10-06 16:00:55 Loading main app package /home/eisezimmerman/downloads/apps/Obsidian/squashfs-root/resources/obsidian.asar
2022-10-06 16:00:55 Checking for update using Github
2022-10-06 16:00:55 Success.
2022-10-06 16:00:55 Latest version is 0.15.9
2022-10-06 16:00:55 App is up to date.
2022-10-06 16:57:41 Loading main app package /home/eisezimmerman/downloads/apps/Obsidian/squashfs-root/resources/obsidian.asar
2022-10-06 16:57:41 Checking for update using Github
2022-10-06 16:57:41 Success.
2022-10-06 16:57:41 Latest version is 0.15.9
2022-10-06 16:57:41 App is up to date.
2022-10-06 18:24:56 Loading main app package /home/eisezimmerman/downloads/apps/Obsidian/squashfs-root/resources/obsidian.asar
2022-10-06 18:24:56 Checking for update using Github
2022-10-06 18:24:56 Success.
2022-10-06 18:24:56 Latest version is 0.15.9
2022-10-06 18:24:56 App is up to date.
2022-10-06 18:57:53 Loading main app package /home/eisezimmerman/downloads/apps/Obsidian/squashfs-root/resources/obsidian.asar
2022-10-06 18:57:53 Checking for update using Github
2022-10-06 18:57:53 Success.
2022-10-06 18:57:53 Latest version is 0.15.9
2022-10-06 18:57:53 App is up to date.
2022-10-07 15:19:10 Loading main app package /home/eisezimmerman/downloads/apps/Obsidian/squashfs-root/resources/obsidian.asar
2022-10-07 15:19:10 Checking for update using Github
2022-10-07 15:19:10 Success.
2022-10-07 15:19:10 Latest version is 0.15.9
2022-10-07 15:19:10 App is up to date.
2022-10-07 18:08:43 Loading main app package /home/eisezimmerman/downloads/apps/Obsidian/squashfs-root/resources/obsidian.asar
2022-10-07 18:08:43 Checking for update using Github
2022-10-07 18:08:43 Success.
2022-10-07 18:08:43 Latest version is 0.15.9
2022-10-07 18:08:43 App is up to date.
2022-10-07 19:41:21 Loading main app package /home/eisezimmerman/downloads/apps/Obsidian/squashfs-root/resources/obsidian.asar
2022-10-07 19:41:21 Checking for update using Github
2022-10-07 19:41:21 Success.
2022-10-07 19:41:21 Latest version is 0.15.9
2022-10-07 19:41:21 App is up to date.
2022-10-07 19:41:27 Loading main app package /home/eisezimmerman/downloads/apps/Obsidian/squashfs-root/resources/obsidian.asar
2022-10-07 19:41:27 Checking for update using Github
2022-10-08 06:51:47 Loading main app package /home/eisezimmerman/downloads/apps/Obsidian/squashfs-root/resources/obsidian.asar
2022-10-08 06:51:47 Checking for update using Github
2022-10-08 06:51:47 Success.
2022-10-08 06:51:47 Latest version is 0.15.9
2022-10-08 06:51:47 App is up to date.
2022-10-08 07:51:47 Checking for update using Github
2022-10-08 07:51:47 Success.
2022-10-08 07:51:47 Latest version is 0.15.9
2022-10-08 07:51:47 App is up to date.
2022-10-08 08:27:42 Loading main app package /home/eisezimmerman/downloads/apps/Obsidian/squashfs-root/resources/obsidian.asar
2022-10-08 08:27:42 Checking for update using Github
2022-10-08 08:27:42 Success.
2022-10-08 08:27:42 Latest version is 0.15.9
2022-10-08 08:27:42 App is up to date.
2022-10-08 08:47:55 Loading main app package /home/eisezimmerman/downloads/apps/Obsidian/squashfs-root/resources/obsidian.asar
2022-10-08 08:47:56 Checking for update using Github
2022-10-08 08:47:56 Success.
2022-10-08 08:47:56 Latest version is 0.15.9
2022-10-08 08:47:56 App is up to date.
2022-10-08 10:00:38 Loading main app package /home/eisezimmerman/downloads/apps/Obsidian/squashfs-root/resources/obsidian.asar
2022-10-08 10:00:38 Checking for update using Github
2022-10-08 10:00:38 Success.
2022-10-08 10:00:38 Latest version is 0.15.9
2022-10-08 10:00:38 App is up to date.
2022-10-08 10:04:23 Loading main app package /home/eisezimmerman/downloads/apps/Obsidian/squashfs-root/resources/obsidian.asar
2022-10-08 10:04:23 Checking for update using Github
2022-10-08 10:04:23 Success.
2022-10-08 10:04:23 Latest version is 0.15.9
2022-10-08 10:04:23 App is up to date.
2022-10-09 08:04:22 Loading main app package /home/eisezimmerman/downloads/apps/Obsidian/squashfs-root/resources/obsidian.asar
2022-10-09 08:04:23 Checking for update using Github
2022-10-09 08:04:23 Success.
2022-10-09 08:04:23 Latest version is 0.15.9
2022-10-09 08:04:23 App is up to date.
2022-10-09 17:21:29 Loading main app package /home/eisezimmerman/downloads/apps/Obsidian/squashfs-root/resources/obsidian.asar
2022-10-09 17:21:29 Checking for update using Github
2022-10-09 17:21:29 Success.
2022-10-09 17:21:29 Latest version is 0.15.9
2022-10-09 17:21:29 App is up to date.
2022-10-09 17:25:24 Loading main app package /home/eisezimmerman/downloads/apps/Obsidian/squashfs-root/resources/obsidian.asar
2022-10-09 17:25:24 Checking for update using Github
2022-10-09 17:25:24 Success.
2022-10-09 17:25:24 Latest version is 0.15.9
2022-10-09 17:25:24 App is up to date.
2022-10-10 18:29:32 Loading main app package /home/eisezimmerman/downloads/apps/Obsidian/squashfs-root/resources/obsidian.asar
2022-10-10 18:29:32 Checking for update using Github
2022-10-10 18:29:33 Success.
2022-10-10 18:29:33 Latest version is 0.15.9
2022-10-10 18:29:33 App is up to date.
2022-10-11 11:41:34 Loading main app package /home/eisezimmerman/downloads/apps/Obsidian/squashfs-root/resources/obsidian.asar
2022-10-11 11:41:34 Checking for update using Github
2022-10-11 11:41:34 Success.
2022-10-11 11:41:34 Latest version is 0.15.9
2022-10-11 11:41:34 App is up to date.
2022-10-12 14:50:01 Loading main app package /usr/lib/obsidian/obsidian.asar
2022-10-12 14:50:01 Checking for update using Github
2022-10-12 14:50:01 Success.
2022-10-12 14:50:01 Latest version is 0.15.9
2022-10-12 14:50:01 App is up to date.
2022-10-12 14:50:52 Loading main app package /usr/lib/obsidian/obsidian.asar
2022-10-12 14:50:52 Checking for update using Github
2022-10-12 14:50:52 Success.
2022-10-12 14:50:52 Latest version is 0.15.9
2022-10-12 14:50:52 App is up to date.
2022-10-12 18:17:16 Loading main app package /usr/lib/obsidian/obsidian.asar
2022-10-12 18:17:16 Checking for update using Github
2022-10-12 18:17:16 Success.
2022-10-12 18:17:16 Latest version is 0.15.9
2022-10-12 18:17:16 App is up to date.
2022-10-12 18:54:33 Loading main app package /usr/lib/obsidian/obsidian.asar
2022-10-12 18:54:37 Loading main app package /usr/lib/obsidian/obsidian.asar
2022-10-12 18:54:40 Loading main app package /usr/lib/obsidian/obsidian.asar
2022-10-12 18:54:40 Checking for update using Github
2022-10-12 18:54:40 Success.
2022-10-12 18:54:40 Latest version is 0.15.9
2022-10-12 18:54:40 App is up to date.
2022-10-12 19:03:40 Loading main app package /usr/lib/obsidian/obsidian.asar
2022-10-12 19:03:45 Loading main app package /usr/lib/obsidian/obsidian.asar
2022-10-12 19:03:45 Checking for update using Github
2022-10-12 19:03:45 Success.
2022-10-12 19:03:45 Latest version is 0.15.9
2022-10-12 19:03:45 App is up to date.
2022-10-20 17:20:35 Loading main app package /usr/lib/obsidian/obsidian.asar
2022-10-20 17:20:35 Checking for update using Github
2022-10-20 17:20:35 Success.
2022-10-20 17:20:35 Latest version is 1.0.0
2022-10-20 17:20:35 App is up to date.
2022-10-20 18:20:35 Checking for update using Github
2022-10-20 18:20:35 Success.
2022-10-20 18:20:35 Latest version is 1.0.0
2022-10-20 18:20:35 App is up to date.
