TagLib: Could not open file /home/eisezimmerman/music/Goeie/[I Can't Get No] Satisfaction.m4a
TagLib: Could not open file /home/eisezimmerman/music/Goeie/A Special Performance of ＂Rainbow Connection＂ from Kermit the Frog ｜ The Muppets.m4a
TagLib: Could not open file /home/eisezimmerman/music/Goeie/art is dead..m4a
TagLib: Could not open file /home/eisezimmerman/music/Goeie/At Least It Was Here (＂Community＂ Main Title) (Full Length Version).m4a
TagLib: Could not open file /home/eisezimmerman/music/Goeie/AC⧸DC - Highway to Hell (Official Video).m4a
TagLib: Could not open file /home/eisezimmerman/music/Goeie/Beach Boys- I get Around.m4a
TagLib: Could not open file /home/eisezimmerman/music/Goeie/Beach Boys - Surfin Usa HD.m4a
TagLib: Could not open file /home/eisezimmerman/music/Goeie/Earth, Wind & Fire - September (Official HD Video).m4a
TagLib: Could not open file /home/eisezimmerman/music/Goeie/Earth & Fire - Weekend  (Video).m4a
TagLib: Could not open file /home/eisezimmerman/music/Goeie/Earth, Wind & Fire - September (Official HD Video).m4a
TagLib: Could not open file /home/eisezimmerman/music/Goeie/At Least It Was Here (＂Community＂ Main Title) (Full Length Version).m4a
TagLib: Could not open file /home/eisezimmerman/music/Goeie/At Least It Was Here (＂Community＂ Main Title) (Full Length Version).m4a
TagLib: Could not open file /home/eisezimmerman/music/Goeie/At Least It Was Here (＂Community＂ Main Title) (Full Length Version).m4a
TagLib: Could not open file /home/eisezimmerman/music/Goeie/At Least It Was Here (＂Community＂ Main Title) (Full Length Version).m4a
TagLib: Could not open file /home/eisezimmerman/music/Goeie/At Least It Was Here (＂Community＂ Main Title) (Full Length Version).m4a
TagLib: Could not open file /home/eisezimmerman/music/Goeie/At Least It Was Here (＂Community＂ Main Title) (Full Length Version).m4a
TagLib: Could not open file /home/eisezimmerman/music/Goeie/At Least It Was Here (＂Community＂ Main Title) (Full Length Version).m4a
TagLib: Could not open file /home/eisezimmerman/music/Goeie/At Least It Was Here (＂Community＂ Main Title) (Full Length Version).m4a
TagLib: Could not open file /home/eisezimmerman/music/Goeie/At Least It Was Here (＂Community＂ Main Title) (Full Length Version).m4a
TagLib: Could not open file /home/eisezimmerman/music/Goeie/At Least It Was Here (＂Community＂ Main Title) (Full Length Version).m4a
TagLib: Could not open file /home/eisezimmerman/music/Goeie/At Least It Was Here (＂Community＂ Main Title) (Full Length Version).m4a
TagLib: Could not open file /home/eisezimmerman/music/Goeie/At Least It Was Here (＂Community＂ Main Title) (Full Length Version).m4a
TagLib: Could not open file /home/eisezimmerman/music/Goeie/At Least It Was Here (＂Community＂ Main Title) (Full Length Version).m4a
TagLib: Could not open file /home/eisezimmerman/music/Goeie/At Least It Was Here (＂Community＂ Main Title) (Full Length Version).m4a
TagLib: Could not open file /home/eisezimmerman/music/Goeie/At Least It Was Here (＂Community＂ Main Title) (Full Length Version).m4a
TagLib: Could not open file /home/eisezimmerman/music/Goeie/At Least It Was Here (＂Community＂ Main Title) (Full Length Version).m4a
TagLib: Could not open file /home/eisezimmerman/music/Goeie/At Least It Was Here (＂Community＂ Main Title) (Full Length Version).m4a
TagLib: Could not open file /home/eisezimmerman/music/Goeie/At Least It Was Here (＂Community＂ Main Title) (Full Length Version).m4a
writeCommonTags: couldn't write 'year' tag to 'Goeie/At Least It Was Here (＂Community＂ Main Title) (Full Length Version).m4a' as it's not a positive integer
writeCommonTags: couldn't write 'track' tag to 'Goeie/At Least It Was Here (＂Community＂ Main Title) (Full Length Version).m4a' as it's not a positive integer
writeCommonTags: couldn't write 'year' tag to 'Goeie/art is dead..m4a' as it's not a positive integer
writeCommonTags: couldn't write 'track' tag to 'Goeie/art is dead..m4a' as it's not a positive integer
writeCommonTags: couldn't write 'year' tag to 'Goeie/[I Can't Get No] Satisfaction.m4a' as it's not a positive integer
writeCommonTags: couldn't write 'track' tag to 'Goeie/[I Can't Get No] Satisfaction.m4a' as it's not a positive integer
writeCommonTags: couldn't write 'year' tag to 'Goeie/A Special Performance of ＂Rainbow Connection＂ from Kermit the Frog ｜ The Muppets.m4a' as it's not a positive integer
writeCommonTags: couldn't write 'track' tag to 'Goeie/A Special Performance of ＂Rainbow Connection＂ from Kermit the Frog ｜ The Muppets.m4a' as it's not a positive integer
writeCommonTags: couldn't write 'year' tag to 'Goeie/𝕬 𝖂𝖍𝖎𝖙𝖊𝖗 𝕾𝖍𝖆𝖉𝖊 𝕺𝖋 𝕻𝖆𝖑𝖊 - 𝕻𝖗𝖔𝖈𝖔𝖑 𝕳𝖆𝖗𝖚𝖒.m4a' as it's not a positive integer
writeCommonTags: couldn't write 'track' tag to 'Goeie/𝕬 𝖂𝖍𝖎𝖙𝖊𝖗 𝕾𝖍𝖆𝖉𝖊 𝕺𝖋 𝕻𝖆𝖑𝖊 - 𝕻𝖗𝖔𝖈𝖔𝖑 𝕳𝖆𝖗𝖚𝖒.m4a' as it's not a positive integer
writeCommonTags: couldn't write 'year' tag to 'Goeie/a-ha - Take On Me (Official Video) [Remastered in 4K].m4a' as it's not a positive integer
writeCommonTags: couldn't write 'track' tag to 'Goeie/a-ha - Take On Me (Official Video) [Remastered in 4K].m4a' as it's not a positive integer
writeCommonTags: couldn't write 'year' tag to 'Goeie/AC⧸DC - Highway to Hell (Official Video).m4a' as it's not a positive integer
writeCommonTags: couldn't write 'track' tag to 'Goeie/AC⧸DC - Highway to Hell (Official Video).m4a' as it's not a positive integer
writeCommonTags: couldn't write 'year' tag to 'Goeie/Adriano Celentano - Prisencolinensinainciusol.m4a' as it's not a positive integer
writeCommonTags: couldn't write 'track' tag to 'Goeie/Adriano Celentano - Prisencolinensinainciusol.m4a' as it's not a positive integer
writeCommonTags: couldn't write 'year' tag to 'Goeie/Another Brick In The Wall (Part 1).m4a' as it's not a positive integer
writeCommonTags: couldn't write 'track' tag to 'Goeie/Another Brick In The Wall (Part 1).m4a' as it's not a positive integer
writeCommonTags: couldn't write 'year' tag to 'Goeie/Arctic Monkeys - Do I Wanna Know？ (Official Video).m4a' as it's not a positive integer
writeCommonTags: couldn't write 'track' tag to 'Goeie/Arctic Monkeys - Do I Wanna Know？ (Official Video).m4a' as it's not a positive integer
writeCommonTags: couldn't write 'year' tag to 'Goeie/Arctic Monkeys - Why'd You Only Call Me When You're High？ (Official Video).m4a' as it's not a positive integer
writeCommonTags: couldn't write 'track' tag to 'Goeie/Arctic Monkeys - Why'd You Only Call Me When You're High？ (Official Video).m4a' as it's not a positive integer
writeCommonTags: couldn't write 'year' tag to 'Goeie/Bag Raiders - Shooting Stars (Official Video).m4a' as it's not a positive integer
writeCommonTags: couldn't write 'track' tag to 'Goeie/Bag Raiders - Shooting Stars (Official Video).m4a' as it's not a positive integer
writeCommonTags: couldn't write 'year' tag to 'Goeie/Bauhaus - Bela Lugosi's Dead.m4a' as it's not a positive integer
writeCommonTags: couldn't write 'track' tag to 'Goeie/Bauhaus - Bela Lugosi's Dead.m4a' as it's not a positive integer
writeCommonTags: couldn't write 'year' tag to 'Goeie/Beach Boys - Surfin Usa HD.m4a' as it's not a positive integer
writeCommonTags: couldn't write 'track' tag to 'Goeie/Beach Boys - Surfin Usa HD.m4a' as it's not a positive integer
writeCommonTags: couldn't write 'year' tag to 'Goeie/Beach Boys- I get Around.m4a' as it's not a positive integer
writeCommonTags: couldn't write 'track' tag to 'Goeie/Beach Boys- I get Around.m4a' as it's not a positive integer
writeCommonTags: couldn't write 'year' tag to 'Goeie/Bee Gees - Stayin' Alive (Official Music Video).m4a' as it's not a positive integer
writeCommonTags: couldn't write 'track' tag to 'Goeie/Bee Gees - Stayin' Alive (Official Music Video).m4a' as it's not a positive integer
writeCommonTags: couldn't write 'year' tag to 'Goeie/Billy Joel - We Didn't Start the Fire (Official Video).m4a' as it's not a positive integer
writeCommonTags: couldn't write 'track' tag to 'Goeie/Billy Joel - We Didn't Start the Fire (Official Video).m4a' as it's not a positive integer
writeCommonTags: couldn't write 'year' tag to 'Goeie/Black Dog (Basic Track with Guitar Overdubs).m4a' as it's not a positive integer
writeCommonTags: couldn't write 'track' tag to 'Goeie/Black Dog (Basic Track with Guitar Overdubs).m4a' as it's not a positive integer
writeCommonTags: couldn't write 'year' tag to 'Goeie/BLACK SABBATH - ＂Paranoid＂ (Official Video).m4a' as it's not a positive integer
writeCommonTags: couldn't write 'track' tag to 'Goeie/BLACK SABBATH - ＂Paranoid＂ (Official Video).m4a' as it's not a positive integer
writeCommonTags: couldn't write 'year' tag to 'Goeie/Blue (Da Ba Dee) (DJ Ponte Ice Pop Radio).m4a' as it's not a positive integer
writeCommonTags: couldn't write 'track' tag to 'Goeie/Blue (Da Ba Dee) (DJ Ponte Ice Pop Radio).m4a' as it's not a positive integer
writeCommonTags: couldn't write 'year' tag to 'Goeie/Bo Burnham： Inside  - Jeff Bezos.m4a' as it's not a positive integer
writeCommonTags: couldn't write 'track' tag to 'Goeie/Bo Burnham： Inside  - Jeff Bezos.m4a' as it's not a positive integer
writeCommonTags: couldn't write 'year' tag to 'Goeie/Bobby Caldwell - What You Won't Do for Love (Album Version).m4a' as it's not a positive integer
writeCommonTags: couldn't write 'track' tag to 'Goeie/Bobby Caldwell - What You Won't Do for Love (Album Version).m4a' as it's not a positive integer
writeCommonTags: couldn't write 'year' tag to 'Goeie/Bon Jovi - Livin' On A Prayer.m4a' as it's not a positive integer
writeCommonTags: couldn't write 'track' tag to 'Goeie/Bon Jovi - Livin' On A Prayer.m4a' as it's not a positive integer
writeCommonTags: couldn't write 'year' tag to 'Goeie/Born To Be Wild.m4a' as it's not a positive integer
writeCommonTags: couldn't write 'track' tag to 'Goeie/Born To Be Wild.m4a' as it's not a positive integer
writeCommonTags: couldn't write 'year' tag to 'Goeie/Bruce Springsteen - The River (The River Tour, Tempe 1980).m4a' as it's not a positive integer
writeCommonTags: couldn't write 'track' tag to 'Goeie/Bruce Springsteen - The River (The River Tour, Tempe 1980).m4a' as it's not a positive integer
writeCommonTags: couldn't write 'year' tag to 'Goeie/Buddy Holly - Everyday.m4a' as it's not a positive integer
writeCommonTags: couldn't write 'track' tag to 'Goeie/Buddy Holly - Everyday.m4a' as it's not a positive integer
writeCommonTags: couldn't write 'year' tag to 'Goeie/Busdriver - Imaginary Places.m4a' as it's not a positive integer
writeCommonTags: couldn't write 'track' tag to 'Goeie/Busdriver - Imaginary Places.m4a' as it's not a positive integer
writeCommonTags: couldn't write 'year' tag to 'Goeie/Buttercup.m4a' as it's not a positive integer
writeCommonTags: couldn't write 'track' tag to 'Goeie/Buttercup.m4a' as it's not a positive integer
writeCommonTags: couldn't write 'year' tag to 'Goeie/Caesar - Before my head Explodes (Tsk Cover).m4a' as it's not a positive integer
writeCommonTags: couldn't write 'track' tag to 'Goeie/Caesar - Before my head Explodes (Tsk Cover).m4a' as it's not a positive integer
writeCommonTags: couldn't write 'year' tag to 'Goeie/Come Fly With Me (2008 Remastered).m4a' as it's not a positive integer
writeCommonTags: couldn't write 'track' tag to 'Goeie/Come Fly With Me (2008 Remastered).m4a' as it's not a positive integer
writeCommonTags: couldn't write 'year' tag to 'Goeie/Cracked Actor (2013 Remaster).m4a' as it's not a positive integer
writeCommonTags: couldn't write 'track' tag to 'Goeie/Cracked Actor (2013 Remaster).m4a' as it's not a positive integer
writeCommonTags: couldn't write 'year' tag to 'Goeie/Crosby, Stills, Nash, & Young - Our House (Official Video).m4a' as it's not a positive integer
writeCommonTags: couldn't write 'track' tag to 'Goeie/Crosby, Stills, Nash, & Young - Our House (Official Video).m4a' as it's not a positive integer
writeCommonTags: couldn't write 'year' tag to 'Goeie/Darude - Sandstorm.m4a' as it's not a positive integer
writeCommonTags: couldn't write 'track' tag to 'Goeie/Darude - Sandstorm.m4a' as it's not a positive integer
writeCommonTags: couldn't write 'year' tag to 'Goeie/david bowie - changes.m4a' as it's not a positive integer
writeCommonTags: couldn't write 'track' tag to 'Goeie/david bowie - changes.m4a' as it's not a positive integer
writeCommonTags: couldn't write 'year' tag to 'Goeie/David Bowie - Heroes (Official Video).m4a' as it's not a positive integer
writeCommonTags: couldn't write 'track' tag to 'Goeie/David Bowie - Heroes (Official Video).m4a' as it's not a positive integer
writeCommonTags: couldn't write 'year' tag to 'Goeie/David Bowie - Let's Dance (Official Video).m4a' as it's not a positive integer
writeCommonTags: couldn't write 'track' tag to 'Goeie/David Bowie - Let's Dance (Official Video).m4a' as it's not a positive integer
writeCommonTags: couldn't write 'year' tag to 'Goeie/David Bowie – The Jean Genie (Official Video).m4a' as it's not a positive integer
writeCommonTags: couldn't write 'track' tag to 'Goeie/David Bowie – The Jean Genie (Official Video).m4a' as it's not a positive integer
writeCommonTags: couldn't write 'year' tag to 'Goeie/David Bowie & Freddie Mercury - Under Pressure.m4a' as it's not a positive integer
writeCommonTags: couldn't write 'track' tag to 'Goeie/David Bowie & Freddie Mercury - Under Pressure.m4a' as it's not a positive integer
writeCommonTags: couldn't write 'year' tag to 'Goeie/De Hofnar ： Zonnestraal (MÖWE Remix).m4a' as it's not a positive integer
writeCommonTags: couldn't write 'track' tag to 'Goeie/De Hofnar ： Zonnestraal (MÖWE Remix).m4a' as it's not a positive integer
writeCommonTags: couldn't write 'year' tag to 'Goeie/De Staat - Witch Doctor (official video).m4a' as it's not a positive integer
writeCommonTags: couldn't write 'track' tag to 'Goeie/De Staat - Witch Doctor (official video).m4a' as it's not a positive integer
writeCommonTags: couldn't write 'year' tag to 'Goeie/Depeche Mode - Personal Jesus (Official Video).m4a' as it's not a positive integer
writeCommonTags: couldn't write 'track' tag to 'Goeie/Depeche Mode - Personal Jesus (Official Video).m4a' as it's not a positive integer
writeCommonTags: couldn't write 'year' tag to 'Goeie/Dire Straits - Sultans Of Swing.m4a' as it's not a positive integer
writeCommonTags: couldn't write 'track' tag to 'Goeie/Dire Straits - Sultans Of Swing.m4a' as it's not a positive integer
writeCommonTags: couldn't write 'year' tag to 'Goeie/Dire Straits - Walk Of Life (UK Version).m4a' as it's not a positive integer
writeCommonTags: couldn't write 'track' tag to 'Goeie/Dire Straits - Walk Of Life (UK Version).m4a' as it's not a positive integer
writeCommonTags: couldn't write 'year' tag to 'Goeie/Drive My Car (Remastered 2009).m4a' as it's not a positive integer
writeCommonTags: couldn't write 'track' tag to 'Goeie/Drive My Car (Remastered 2009).m4a' as it's not a positive integer
writeCommonTags: couldn't write 'year' tag to 'Goeie/Norwegian Wood (This Bird Has Flown).m4a' as it's not a positive integer
writeCommonTags: couldn't write 'track' tag to 'Goeie/Norwegian Wood (This Bird Has Flown).m4a' as it's not a positive integer
writeCommonTags: couldn't write 'year' tag to 'Goeie/Eagles perform ＂Hotel California＂ at the 1998 Rock & Roll Hall of Fame Induction Ceremony.m4a' as it's not a positive integer
writeCommonTags: couldn't write 'track' tag to 'Goeie/Eagles perform ＂Hotel California＂ at the 1998 Rock & Roll Hall of Fame Induction Ceremony.m4a' as it's not a positive integer
writeCommonTags: couldn't write 'year' tag to 'Goeie/Earth & Fire - Weekend  (Video).m4a' as it's not a positive integer
writeCommonTags: couldn't write 'track' tag to 'Goeie/Earth & Fire - Weekend  (Video).m4a' as it's not a positive integer
writeCommonTags: couldn't write 'year' tag to 'Goeie/Earth, Wind & Fire - Boogie Wonderland (Official Video).m4a' as it's not a positive integer
writeCommonTags: couldn't write 'track' tag to 'Goeie/Earth, Wind & Fire - Boogie Wonderland (Official Video).m4a' as it's not a positive integer
writeCommonTags: couldn't write 'year' tag to 'Goeie/Earth, Wind & Fire - Let's Groove (Official HD Video).m4a' as it's not a positive integer
writeCommonTags: couldn't write 'track' tag to 'Goeie/Earth, Wind & Fire - Let's Groove (Official HD Video).m4a' as it's not a positive integer
writeCommonTags: couldn't write 'year' tag to 'Goeie/Earth, Wind & Fire - September (Official HD Video).m4a' as it's not a positive integer
writeCommonTags: couldn't write 'track' tag to 'Goeie/Earth, Wind & Fire - September (Official HD Video).m4a' as it's not a positive integer
writeCommonTags: couldn't write 'year' tag to 'Goeie/Eclipse - Pink Floyd - Remaster (10).m4a' as it's not a positive integer
writeCommonTags: couldn't write 'track' tag to 'Goeie/Eclipse - Pink Floyd - Remaster (10).m4a' as it's not a positive integer
writeCommonTags: couldn't write 'year' tag to 'Goeie/Elbow - Grounds For Divorce.m4a' as it's not a positive integer
writeCommonTags: couldn't write 'track' tag to 'Goeie/Elbow - Grounds For Divorce.m4a' as it's not a positive integer
writeCommonTags: couldn't write 'year' tag to 'Goeie/Elton John - I'm Still Standing.m4a' as it's not a positive integer
writeCommonTags: couldn't write 'track' tag to 'Goeie/Elton John - I'm Still Standing.m4a' as it's not a positive integer
writeCommonTags: couldn't write 'year' tag to 'Goeie/Elton John - Rocket Man (Official Music Video).m4a' as it's not a positive integer
writeCommonTags: couldn't write 'track' tag to 'Goeie/Elton John - Rocket Man (Official Music Video).m4a' as it's not a positive integer
writeCommonTags: couldn't write 'year' tag to 'Goeie/Elton John - Tiny Dancer (Official Music Video).m4a' as it's not a positive integer
writeCommonTags: couldn't write 'track' tag to 'Goeie/Elton John - Tiny Dancer (Official Music Video).m4a' as it's not a positive integer
writeCommonTags: couldn't write 'year' tag to 'Goeie/Elton John - Your Song (Top Of The Pops 1971).m4a' as it's not a positive integer
writeCommonTags: couldn't write 'track' tag to 'Goeie/Elton John - Your Song (Top Of The Pops 1971).m4a' as it's not a positive integer
writeCommonTags: couldn't write 'year' tag to 'Goeie/Elvis Presley - An American Trilogy (Official Audio).m4a' as it's not a positive integer
writeCommonTags: couldn't write 'track' tag to 'Goeie/Elvis Presley - An American Trilogy (Official Audio).m4a' as it's not a positive integer
writeCommonTags: couldn't write 'year' tag to 'Goeie/Elvis Presley - A Little Less Conversation (Official Audio).m4a' as it's not a positive integer
writeCommonTags: couldn't write 'track' tag to 'Goeie/Elvis Presley - A Little Less Conversation (Official Audio).m4a' as it's not a positive integer
writeCommonTags: couldn't write 'year' tag to 'Goeie/ERA - Ameno.m4a' as it's not a positive integer
writeCommonTags: couldn't write 'track' tag to 'Goeie/ERA - Ameno.m4a' as it's not a positive integer
writeCommonTags: couldn't write 'year' tag to 'Goeie/Eric Clapton - Tears In Heaven (Official Video).m4a' as it's not a positive integer
writeCommonTags: couldn't write 'track' tag to 'Goeie/Eric Clapton - Tears In Heaven (Official Video).m4a' as it's not a positive integer
writeCommonTags: couldn't write 'year' tag to 'Goeie/Estelle - American Boy [Feat. Kanye West] [Video].m4a' as it's not a positive integer
writeCommonTags: couldn't write 'track' tag to 'Goeie/Estelle - American Boy [Feat. Kanye West] [Video].m4a' as it's not a positive integer
writeCommonTags: couldn't write 'year' tag to 'Goeie/Everything Everything - Can't Do (Official Video).m4a' as it's not a positive integer
writeCommonTags: couldn't write 'track' tag to 'Goeie/Everything Everything - Can't Do (Official Video).m4a' as it's not a positive integer
writeCommonTags: couldn't write 'year' tag to 'Goeie/Everything Everything - Distant Past.m4a' as it's not a positive integer
writeCommonTags: couldn't write 'track' tag to 'Goeie/Everything Everything - Distant Past.m4a' as it's not a positive integer
writeCommonTags: couldn't write 'year' tag to 'Goeie/Everything Everything - Regret.m4a' as it's not a positive integer
writeCommonTags: couldn't write 'track' tag to 'Goeie/Everything Everything - Regret.m4a' as it's not a positive integer
writeCommonTags: couldn't write 'year' tag to 'Goeie/Everything Everything - No Reptiles.m4a' as it's not a positive integer
writeCommonTags: couldn't write 'track' tag to 'Goeie/Everything Everything - No Reptiles.m4a' as it's not a positive integer
writeCommonTags: couldn't write 'year' tag to 'Goeie/Everything Everything - Spring ⧸ Sun ⧸ Winter ⧸ Dread (Official Video).m4a' as it's not a positive integer
writeCommonTags: couldn't write 'track' tag to 'Goeie/Everything Everything - Spring ⧸ Sun ⧸ Winter ⧸ Dread (Official Video).m4a' as it's not a positive integer
