00:00:00.000079 main     VirtualBox XPCOM Server 6.1.18 r142142 linux.amd64 (Feb 16 2021 07:45:49) release log
00:00:00.000080 main     Log opened 2021-04-18T14:13:02.336220000Z
00:00:00.000080 main     Build Type: release
00:00:00.000081 main     OS Product: Linux
00:00:00.000081 main     OS Release: 5.11.15-arch1-2
00:00:00.000082 main     OS Version: #1 SMP PREEMPT Sat, 17 Apr 2021 00:22:30 +0000
00:00:00.000092 main     DMI Product Name: MS-7C91
00:00:00.000095 main     DMI Product Version: 2.0
00:00:00.000097 main     Firmware type: UEFI
00:00:00.000168 main     Secure Boot: Disabled
00:00:00.000182 main     Host RAM: 15990MB (15.6GB) total, 14025MB (13.6GB) available
00:00:00.000184 main     Executable: /usr/lib/virtualbox/VBoxSVC
00:00:00.000184 main     Process ID: 30291
00:00:00.000184 main     Package type: LINUX_64BITS_GENERIC (OSE)
00:00:00.000839 main     IPC socket path: /tmp/.vbox-eisezimmerman-ipc/ipcd
00:00:00.102813 nspr-2   VirtualBox: object creation starts
00:00:00.102849 nspr-2   Home directory: '/home/eisezimmerman/.config/VirtualBox'
00:00:00.102915 nspr-2   Loading settings file "/home/eisezimmerman/.config/VirtualBox/VirtualBox.xml" with version "1.12-linux"
00:00:00.103432 nspr-2   HostDnsMonitor: initializing
00:00:00.103555 nspr-2   NAT: resolv.conf: nameserver 192.168.178.1
00:00:00.103560 nspr-2   NAT: resolv.conf: nameserver fd00::9ec7:a6ff:feca:9121
00:00:00.103565 nspr-2   HostDnsMonitor: updating information
00:00:00.103570 nspr-2   HostDnsMonitor: old information
00:00:00.103572 nspr-2     no server entries
00:00:00.103573 nspr-2     no domain set
00:00:00.103574 nspr-2     no search string entries
00:00:00.103576 nspr-2   HostDnsMonitor: new information
00:00:00.103577 nspr-2     server 1: 192.168.178.1
00:00:00.103579 nspr-2     server 2: fd00::9ec7:a6ff:feca:9121
00:00:00.103581 nspr-2     domain: fritz.box
00:00:00.103582 nspr-2     no search string entries
00:00:00.104684 nspr-2   Failed to open "/dev/vboxdrvu", errno=2, rc=VERR_VM_DRIVER_NOT_INSTALLED
00:00:00.104773 nspr-2   VD: VDInit finished with VINF_SUCCESS
00:00:00.104811 nspr-2   ERROR [COM]: aRC=NS_ERROR_FAILURE (0x80004005) aIID={027bc463-929c-40e8-bf16-fea557cd8e7e} aComponent={SystemPropertiesWrap} aText={Cannot determine default Guest Additions ISO location. Most likely they are not available}, preserve=false aResultDetail=0
00:00:00.104997 nspr-2   VirtualBox: object created
00:00:03.167902 nspr-3   Saving settings file "/home/eisezimmerman/.config/VirtualBox/VirtualBox.xml" with version "1.12-linux"
00:00:03.188611 nspr-3   Saving settings file "/home/eisezimmerman/.config/VirtualBox/VirtualBox.xml" with version "1.12-linux"
00:00:08.697999 main     VirtualBox: object deletion starts
00:00:08.698129 main     HostDnsMonitor: shutting down ...
00:00:08.703931 main     HostDnsMonitor: shut down
00:00:09.109433 Watcher  ERROR [COM]: aRC=E_ACCESSDENIED (0x80070005) aIID={d0a0163f-e254-4e5b-a1f2-011cf991c38d} aComponent={VirtualBoxWrap} aText={The object is not ready}, preserve=false aResultDetail=0
00:00:13.704021 main     {00007f0e08017850} HostPowerServiceLinux::~HostPowerServiceLinux: RTThreadWait() for 5000 ms failed with VERR_TIMEOUT
00:00:13.704246 main     VirtualBox: object deleted
